<?xml version="1.0" encoding="UTF-8"?>
<!-- Generated by org.testng.reporters.JUnitReportReporter -->
<testsuite skipped="0" hostname="hp" name="com.testleaf.testcases.TC002CreateLead" tests="1" failures="0" timestamp="2022-07-02T17:15:23 IST" time="10.804" errors="0">
  <testcase name="runCreateLead" time="10.804" classname="com.testleaf.testcases.TC002CreateLead"/>
  <system-out/>
</testsuite> <!-- com.testleaf.testcases.TC002CreateLead -->
